"../../../../../UnrealGames/Turtles/TurtlesTask2/Content/DefaultPivots/Meshes/CubeMaterial.uasset" 0
"../../../../../UnrealGames/Turtles/TurtlesTask2/Content/DefaultPivots/Meshes/1M_Cube.uasset" 1
"../../../../../UnrealGames/Turtles/TurtlesTask2/Content/Pits/Mesh/pit1.uasset" 2
"../../../../../UnrealGames/Turtles/TurtlesTask2/Content/Pits/Mesh/pit_mat.uasset" 3
"../../../../../UnrealGames/Turtles/TurtlesTask2/Content/Pits/Mesh/pit.uasset" 4
"../../../../../UnrealGames/Turtles/TurtlesTask2/Content/Pits/ParentPit_BP.uasset" 5
"../../../../../UnrealGames/Turtles/TurtlesTask2/Content/Pits/2ndPit_BP.uasset" 6
"../../../../../UnrealGames/Turtles/TurtlesTask2/Content/Pits/NewPit_BP.uasset" 7
"../../../../../UnrealGames/Turtles/TurtlesTask2/Content/Turtles/Animations/donatello_ncl1_1.uasset" 8
"../../../../../UnrealGames/Turtles/TurtlesTask2/Content/Turtles/Animations/donatello1_mat.uasset" 9
"../../../../../UnrealGames/Turtles/TurtlesTask2/Content/Turtles/Animations/donatello.uasset" 10
"../../../Engine/Content/Animation/DefaultAnimCurveCompressionSettings.uasset" 11
"../../../Engine/Content/Animation/DefaultAnimBoneCompressionSettings.uasset" 12
"../../../../../UnrealGames/Turtles/TurtlesTask2/Content/Turtles/Animations/TurtleWalk_Skeleton.uasset" 13
"../../../../../UnrealGames/Turtles/TurtlesTask2/Content/Turtles/Animations/TurtleIdle.uasset" 14
"../../../../../UnrealGames/Turtles/TurtlesTask2/Content/Turtles/Animations/TurtleIdle_Montage.uasset" 15
"../../../../../UnrealGames/Turtles/TurtlesTask2/Content/WorldSettings/GameMode/TurtlesMode.uasset" 16
"../../../Engine/Content/EngineMaterials/T_Default_Material_Grid_N.uasset" 17
"../../../Engine/Content/EngineMaterials/T_Default_Material_Grid_M.uasset" 18
"../../../Engine/Content/Functions/Engine_MaterialFunctions01/Opacity/CameraDepthFade.uasset" 19
"../../../Engine/Content/EngineMaterials/WorldGridMaterial.uasset" 20
"../../../Engine/Content/ArtTools/RenderToTexture/Meshes/S_1_Unit_Plane.uasset" 21
"../../../Engine/Content/EngineMaterials/DefaultMaterial.uasset" 22
"../../../Engine/Content/BasicShapes/Cone.uasset" 23
"../../../Engine/Content/BasicShapes/Cube.uasset" 24
"../../../Engine/Content/BasicShapes/Plane.uasset" 25
"../../../Engine/Content/BasicShapes/Sphere.uasset" 26
"../../../Engine/Content/EditorLandscapeResources/DataLayer.uasset" 27
"../../../Engine/Content/EditorLandscapeResources/DefaultAlphaTexture.uasset" 28
"../../../Engine/Content/EditorMaterials/MAT_Groups_Toggle.uasset" 29
"../../../Engine/Content/EditorMaterials/MAT_Groups_Visibility.uasset" 30
"../../../Engine/Content/EditorMaterials/PreviewShadowIndicator.uasset" 31
"../../../Engine/Content/EditorMaterials/PreviewShadowIndicatorMaterial.uasset" 32
"../../../Engine/Content/EditorMaterials/MatineeGroups/MAT_ColorTrack.uasset" 33
"../../../Engine/Content/EditorMaterials/MatineeGroups/MAT_Groups_Anim.uasset" 34
"../../../Engine/Content/EditorMaterials/MatineeGroups/MAT_Groups_AudioMaster.uasset" 35
"../../../Engine/Content/EditorMaterials/MatineeGroups/MAT_Groups_Director.uasset" 36
"../../../Engine/Content/EditorMaterials/MatineeGroups/MAT_Groups_Event.uasset" 37
"../../../Engine/Content/EditorMaterials/MatineeGroups/MAT_Groups_Fade.uasset" 38
"../../../Engine/Content/EditorMaterials/MatineeGroups/MAT_Groups_Float.uasset" 39
"../../../Engine/Content/EditorMaterials/MatineeGroups/MAT_Groups_Move.uasset" 40
"../../../Engine/Content/EditorMaterials/MatineeGroups/MAT_Groups_Slomo.uasset" 41
"../../../Engine/Content/EditorMaterials/MatineeGroups/MAT_Groups_Sound.uasset" 42
"../../../Engine/Content/EditorMaterials/MatineeGroups/MAT_Groups_Vector.uasset" 43
"../../../Engine/Content/EditorMaterials/ParticleSystems/PSysThumbnail_NoImage.uasset" 44
"../../../Engine/Content/EditorMaterials/ParticleSystems/PSysThumbnail_OOD.uasset" 45
"../../../Engine/Content/EditorMaterials/Camera/CineMat.uasset" 46
"../../../Engine/Content/EditorMaterials/Camera/MI_CineMat_Rig.uasset" 47
"../../../Engine/Content/EditorMeshes/Camera/SM_CraneRig_Arm.uasset" 48
"../../../Engine/Content/EditorMeshes/Camera/SM_CraneRig_Base.uasset" 49
"../../../Engine/Content/EditorMeshes/Camera/SM_CraneRig_Body.uasset" 50
"../../../Engine/Content/EditorMeshes/Camera/SM_CraneRig_Mount.uasset" 51
"../../../Engine/Content/EditorMeshes/Camera/SM_RailRig_Mount.uasset" 52
"../../../Engine/Content/EditorMeshes/Camera/SM_RailRig_Track.uasset" 53
"../../../Engine/Content/EditorResources/BSPVertex.uasset" 54
"../../../Engine/Content/EditorResources/EmptyActor.uasset" 55
"../../../Engine/Content/EditorResources/S_Actor.uasset" 56
"../../../Engine/Content/EditorResources/S_Note.uasset" 57
"../../../Engine/Content/EditorResources/S_Solver.uasset" 58
"../../../Engine/Content/EditorResources/S_Terrain.uasset" 59
"../../../Engine/Content/EditorResources/S_Trigger.uasset" 60
"../../../Engine/Content/EditorResources/LightIcons/S_LightError.uasset" 61
"../../../Engine/Content/EditorResources/SequenceRecorder/Countdown.uasset" 62
"../../../Engine/Content/EditorResources/SequenceRecorder/RecordingIndicator.uasset" 63
"../../../Engine/Content/EngineDamageTypes/DmgTypeBP_Environmental.uasset" 64
"../../../Engine/Content/EngineDebugMaterials/DebugEditorMaterial.uasset" 65
"../../../Engine/Content/EngineDebugMaterials/DebugMeshMaterial.uasset" 66
"../../../Engine/Content/EngineDebugMaterials/M_SimpleUnlitTranslucent.uasset" 67
"../../../Engine/Content/EngineDebugMaterials/VolumeToRender.uasset" 68
"../../../Engine/Content/Functions/Engine_MaterialFunctions02/Utility/CameraDirectionVector.uasset" 69
"../../../Engine/Content/EngineDebugMaterials/M_VolumeRenderSphereTracePP.uasset" 70
"../../../Engine/Content/Functions/Engine_MaterialFunctions01/Shading/ConvertFromDiffSpec.uasset" 71
"../../../Engine/Content/EngineDebugMaterials/VertexColorMaterial.uasset" 72
"../../../Engine/Content/EngineDebugMaterials/WireframeMaterial.uasset" 73
"../../../Engine/Content/EngineFonts/Faces/RobotoRegular.uasset" 74
"../../../Engine/Content/EngineFonts/Faces/RobotoLight.uasset" 75
"../../../Engine/Content/EngineFonts/Faces/RobotoItalic.uasset" 76
"../../../Engine/Content/EngineFonts/Faces/RobotoBoldItalic.uasset" 77
"../../../Engine/Content/EngineFonts/Faces/RobotoBold.uasset" 78
"../../../Engine/Content/EngineFonts/Faces/DroidSansFallback.uasset" 79
"../../../Engine/Content/EngineFonts/Roboto.uasset" 80
"../../../Engine/Content/EngineMaterials/BaseFlattenNormalMap.uasset" 81
"../../../Engine/Content/EngineMaterials/BaseFlattenGrayscaleMap.uasset" 82
"../../../Engine/Content/EngineMaterials/BaseFlattenEmissiveMap.uasset" 83
"../../../Engine/Content/EngineMaterials/BaseFlattenDiffuseMap.uasset" 84
"../../../Engine/Content/EngineMaterials/BaseFlattenMaterial.uasset" 85
"../../../Engine/Content/EngineMaterials/BlueNoise.uasset" 86
"../../../Engine/Content/EngineMaterials/DefaultBloomKernel.uasset" 87
"../../../Engine/Content/EngineMaterials/DefaultBokeh.uasset" 88
"../../../Engine/Content/EngineMaterials/DefaultDiffuse.uasset" 89
"../../../Engine/Content/EngineMaterials/DefaultDeferredDecalMaterial.uasset" 90
"../../../Engine/Content/EngineMaterials/DefaultLightFunctionMaterial.uasset" 91
"../../../Engine/Content/EngineMaterials/DefaultPhysicalMaterial.uasset" 92
"../../../Engine/Content/Functions/Engine_MaterialFunctions02/Utility/BreakOutFloat2Components.uasset" 93
"../../../Engine/Content/EngineMaterials/DefaultPostProcessMaterial.uasset" 94
"../../../Engine/Content/EngineFonts/RobotoDistanceField.uasset" 95
"../../../Engine/Content/EngineMaterials/DefaultTextMaterialOpaque.uasset" 96
"../../../Engine/Content/EngineMaterials/DefaultWhiteGrid.uasset" 97
"../../../Engine/Content/EngineMaterials/DefaultWhiteGrid_Low.uasset" 98
"../../../Engine/Content/EngineMaterials/EmissiveMeshMaterial.uasset" 99
"../../../Engine/Content/EngineMaterials/GizmoMaterial.uasset" 100
"../../../Engine/Content/EngineMaterials/Good64x64TilingNoiseHighFreq.uasset" 101
"../../../Engine/Content/EngineMaterials/MiniFont.uasset" 102
"../../../Engine/Content/EngineMaterials/InvalidLightmapSettings.uasset" 103
"../../../Engine/Content/EngineMaterials/M_InvalidLightmapSettings.uasset" 104
"../../../Engine/Content/Functions/Engine_MaterialFunctions02/WorldPositionOffset/CameraOffset.uasset" 105
"../../../Engine/Content/EngineMaterials/PhAT_JointLimitMaterial.uasset" 106
"../../../Engine/Content/EngineMaterials/PreintegratedSkinBRDF.uasset" 107
"../../../Engine/Content/EngineMaterials/RemoveSurfaceMaterial.uasset" 108
"../../../Engine/Content/EngineMaterials/WeightMapPlaceholderTexture.uasset" 109
"../../../Engine/Content/EngineResources/WhiteSquareTexture.uasset" 110
"../../../Engine/Content/EngineMaterials/Widget3DPassThrough.uasset" 111
"../../../Engine/Content/EngineMaterials/Widget3DPassThrough_Masked.uasset" 112
"../../../Engine/Content/EngineMaterials/Widget3DPassThrough_Opaque.uasset" 113
"../../../Engine/Content/EngineMaterials/Widget3DPassThrough_Masked_OneSided.uasset" 114
"../../../Engine/Content/EngineMaterials/Widget3DPassThrough_Opaque_OneSided.uasset" 115
"../../../Engine/Content/EngineMaterials/Widget3DPassThrough_Translucent.uasset" 116
"../../../Engine/Content/EngineMaterials/Widget3DPassThrough_Translucent_OneSided.uasset" 117
"../../../Engine/Content/EngineMeshes/Cylinder.uasset" 118
"../../../Engine/Content/EngineMeshes/Sphere.uasset" 119
"../../../Engine/Content/EngineResources/DefaultTextureCube.uasset" 120
"../../../Engine/Content/EngineResources/DefaultVolumeTexture2D.uasset" 121
"../../../Engine/Content/EngineResources/DefaultVolumeTexture.uasset" 122
"../../../Engine/Content/EngineResources/GradientTexture0.uasset" 123
"../../../Engine/Content/EngineSky/VolumetricClouds/T_NoiseShape64.uasset" 124
"../../../Engine/Content/EngineSky/VolumetricClouds/T_VolumeNoiseShape64.uasset" 125
"../../../Engine/Content/EngineSky/VolumetricClouds/T_NoiseErosion.uasset" 126
"../../../Engine/Content/EngineSky/VolumetricClouds/T_VolumeNoiseErosion32.uasset" 127
"../../../Engine/Content/EngineSky/VolumetricClouds/CloudWeatherTexture.uasset" 128
"../../../Engine/Content/EngineSky/VolumetricClouds/CloudGradientTexture.uasset" 129
"../../../Engine/Content/Functions/Engine_MaterialFunctions02/Utility/MakeFloat2.uasset" 130
"../../../Engine/Content/EngineSky/VolumetricClouds/m_SimpleVolumetricCloud.uasset" 131
"../../../Engine/Content/EngineSky/VolumetricClouds/m_SimpleVolumetricCloud_Inst.uasset" 132
"../../../Engine/Content/EngineSounds/Master.uasset" 133
"../../../Engine/Content/Functions/Engine_MaterialFunctions01/Shading/PowerToRoughness.uasset" 134
"../../../Engine/Content/Maps/Templates/Thumbnails/Default.uasset" 135
"../../../Engine/Content/Maps/Templates/Thumbnails/TimeOfDay.uasset" 136
"../../../Engine/Content/Maps/Templates/Thumbnails/VR-Basic.uasset" 137
"../../../Engine/Content/MobileResources/T_MobileControls_texture.uasset" 138
"../../../Engine/Content/MobileResources/T_MobileMenu2.uasset" 139
"../../../Engine/Content/MobileResources/HUD/AnalogHat.uasset" 140
"../../../Engine/Content/MobileResources/HUD/DefaultVirtualJoysticks.uasset" 141
"../../../Engine/Content/MobileResources/HUD/LeftVirtualJoystickOnly.uasset" 142
"../../../Engine/Content/MobileResources/HUD/MobileHUDButton1_off.uasset" 143
"../../../Engine/Content/MobileResources/HUD/MobileHUDButton1_on.uasset" 144
"../../../Engine/Content/MobileResources/HUD/MobileHUDButton2_off.uasset" 145
"../../../Engine/Content/MobileResources/HUD/MobileHUDButton2_on.uasset" 146
"../../../Engine/Content/MobileResources/HUD/MobileHUDButton3.uasset" 147
"../../../Engine/Content/MobileResources/HUD/MobileHUDButtonFire.uasset" 148
"../../../Engine/Content/MobileResources/HUD/MobileHUDDirectionPad.uasset" 149
"../../../Engine/Content/MobileResources/HUD/MobileHUDDirectionPad2.uasset" 150
"../../../Engine/Content/MobileResources/HUD/MobileHUDDirectionPad3.uasset" 151
"../../../Engine/Content/MobileResources/HUD/MobileHUDDirectionStick.uasset" 152
"../../../Engine/Content/MobileResources/HUD/T_Castle_ThumbstickInner.uasset" 153
"../../../Engine/Content/MobileResources/HUD/T_Castle_ThumbstickOutter.uasset" 154
"../../../Engine/Content/MobileResources/HUD/VirtualJoystick_Background.uasset" 155
"../../../Engine/Content/MobileResources/HUD/VirtualJoystick_Thumb.uasset" 156
"../../../Engine/Content/Tutorial/ContentIntroCurve.uasset" 157
"../../../Engine/Content/Tutorial/Basics/LevelEditorAttract.uasset" 158
"../../../Engine/Content/Tutorial/Basics/TutorialAssets/icon_tab_Levels_40x.uasset" 159
"../../../Engine/Content/Tutorial/Basics/LevelEditorOverview.uasset" 160
"../../../Engine/Content/Tutorial/Basics/TutorialAssets/CameraActor_64x.uasset" 161
"../../../Engine/Content/Tutorial/Basics/ViewportsTutorial.uasset" 162
"../../../Engine/Content/Tutorial/Foliage/TutorialAssets/Foliage.uasset" 163
"../../../Engine/Content/Tutorial/Foliage/Foliage_Intro_Tutorial.uasset" 164
"../../../Engine/Content/Tutorial/Foliage/Foliage_Settings_Tutorial.uasset" 165
"../../../Engine/Content/Tutorial/Foliage/Foliage_Using_The_Tool_Tutorial.uasset" 166
"../../../Engine/Content/Tutorial/Landscape/TutorialAssets/Landscape.uasset" 167
"../../../Engine/Content/Tutorial/Landscape/LandscapeWalkThrough.uasset" 168
"../../../Engine/Content/Tutorial/Landscape/Landscape_Manage_Mode.uasset" 169
"../../../Engine/Content/EditorBlueprintResources/StandardMacros.uasset" 170
"../../../Engine/Content/Tutorial/Landscape/Landscape_Painting_Mode.uasset" 171
"../../../Engine/Content/Tutorial/Landscape/Landscape_Sculpt_Mode.uasset" 172
"../../../Engine/Content/VREditor/TransformGizmo/TranslucentTransformGizmoMaterial.uasset" 173
"../../../Engine/Content/VREditor/LaserPointer/VR_LaserPower_01.uasset" 174
"../../../Engine/Content/VREditor/TransformGizmo/TransformGizmoMaterial.uasset" 175
"../../../Engine/Content/VREditor/TransformGizmo/BoundingBoxCorner.uasset" 176
"../../../Engine/Content/VREditor/TransformGizmo/BoundingBoxEdge.uasset" 177
"../../../Engine/Content/VREditor/TransformGizmo/PlaneTranslationHandle.uasset" 178
"../../../Engine/Content/VREditor/TransformGizmo/Xray.uasset" 179
"../../../Engine/Content/VREditor/TransformGizmo/Main.uasset" 180
"../../../Engine/Content/VREditor/TransformGizmo/SM_Sequencer_Key.uasset" 181
"../../../Engine/Content/VREditor/TransformGizmo/SM_Sequencer_Node.uasset" 182
"../../Plugins/2D/Paper2D/Content/PlaceholderTextures/DummySpriteTexture.uasset" 183
"../../Plugins/2D/Paper2D/Content/DummySprite.uasset" 184
"../../Plugins/2D/Paper2D/Content/DefaultPaperTerrainMaterial.uasset" 185
"../../Plugins/2D/Paper2D/Content/DefaultSpriteMaterial.uasset" 186
"../../Plugins/2D/Paper2D/Content/MaskedUnlitSpriteMaterial.uasset" 187
"../../Plugins/2D/Paper2D/Content/OpaqueUnlitSpriteMaterial.uasset" 188
"../../../Engine/Content/Functions/Engine_MaterialFunctions02/ObjectLocalBounds.uasset" 189
"../../../Engine/Content/Functions/Engine_MaterialFunctions02/Utility/BreakOutFloat3Components.uasset" 190
"../../Plugins/Editor/SpeedTreeImporter/Content/SpeedTree9/UnpackInteger3.uasset" 191
"../../Plugins/Editor/SpeedTreeImporter/Content/SpeedTree9/UnpackDirection.uasset" 192
"../../Plugins/Editor/SpeedTreeImporter/Content/SpeedTree9/game_wind_noise.uasset" 193
"../../../Engine/Content/Functions/Engine_MaterialFunctions02/SafeNormalize.uasset" 194
"../../Plugins/Editor/SpeedTreeImporter/Content/SpeedTree9/SpeedTreeWindMotion.uasset" 195
"../../Plugins/Editor/SpeedTreeImporter/Content/SpeedTree9/SpeedTreeBranchMotion.uasset" 196
"../../../Engine/Content/Functions/Engine_MaterialFunctions02/UVs/BoundingBoxBased_0-1_UVW.uasset" 197
"../../Plugins/Editor/SpeedTreeImporter/Content/SpeedTree9/SpeedTreeWind.uasset" 198
"../../Plugins/Editor/SpeedTreeImporter/Content/SpeedTree9/SpeedTreeBillboard.uasset" 199
"../../../Engine/Content/EngineResources/DefaultTexture.uasset" 200
"../../Plugins/Editor/SpeedTreeImporter/Content/SpeedTree9/SpeedTreeBillboardMaster.uasset" 201
"../../Plugins/Editor/SpeedTreeImporter/Content/SpeedTree9/SpeedTreeCameraFacing.uasset" 202
"../../Plugins/Editor/SpeedTreeImporter/Content/SpeedTree9/SpeedTreeMaster.uasset" 203
"../../../Engine/Content/ArtTools/RenderToTexture/Materials/Debug/M_Emissive_Color.uasset" 204
"../../../Engine/Content/BasicShapes/Cylinder.uasset" 205
"../../Plugins/Lumin/MagicLeapPassableWorld/Content/MagicLeapARPinInfoActor.uasset" 206
"../../../Engine/Content/Functions/Engine_MaterialFunctions02/Utility/BreakOutFloat4Components.uasset" 207
"../../../Engine/Content/Functions/Engine_MaterialFunctions02/Utility/MakeFloat3.uasset" 208
"../../Plugins/Runtime/Oculus/OculusVR/Content/Materials/OculusMR_ChromaKey.uasset" 209
"../../Plugins/Runtime/Oculus/OculusVR/Content/Materials/OculusMR_OpaqueColoredMaterial.uasset" 210
"../../Plugins/Runtime/Oculus/OculusVR/Content/Materials/PokeAHoleMaterial.uasset" 211
"../../../../../UnrealGames/Turtles/TurtlesTask2/Content/SFX/poof.uasset" 212
"../../../../../UnrealGames/Turtles/TurtlesTask2/Content/VFX/T_SmokeBall_01_8_8.uasset" 213
"../../../Engine/Content/EngineResources/Black.uasset" 214
"../../../../../UnrealGames/Turtles/TurtlesTask2/Content/VFX/M_Add_Sprite_SubUV_Master.uasset" 215
"../../../../../UnrealGames/Turtles/TurtlesTask2/Content/VFX/M_Smoke_01_8X8_INST.uasset" 216
"../../../../../UnrealGames/Turtles/TurtlesTask2/Content/VFX/P_SmokePuff.uasset" 217
"../../../../../UnrealGames/Turtles/TurtlesTask2/Content/Turtles/Animations/TurtleWalk_PhysicsAsset.uasset" 218
"../../../../../UnrealGames/Turtles/TurtlesTask2/Content/Turtles/Animations/TurtleWalk.uasset" 219
"../../../../../UnrealGames/Turtles/TurtlesTask2/Content/Turtles/Animations/TurtleGo.uasset" 220
"../../../../../UnrealGames/Turtles/TurtlesTask2/Content/Turtles/Animations/TurtleAnim_BS.uasset" 221
"../../../../../UnrealGames/Turtles/TurtlesTask2/Content/SFX/Footsteps.uasset" 222
"../../../../../UnrealGames/Turtles/TurtlesTask2/Content/Turtles/Animations/TurtleAnim_BP.uasset" 223
"../../../../../UnrealGames/Turtles/TurtlesTask2/Content/Turtles/TurtleParent_BP.uasset" 224
"../../../../../UnrealGames/Turtles/TurtlesTask2/Content/DestinationPoints/Mesh/DestinationPoint1.uasset" 225
"../../../../../UnrealGames/Turtles/TurtlesTask2/Content/DestinationPoints/Mesh/DestinationPoint_mat.uasset" 226
"../../../../../UnrealGames/Turtles/TurtlesTask2/Content/DestinationPoints/Mesh/DestinationPoint.uasset" 227
"../../../../../UnrealGames/Turtles/TurtlesTask2/Content/DestinationPoints/ParentDestinationPoint_BP.uasset" 228
"../../../../../UnrealGames/Turtles/TurtlesTask2/Content/Turtles/FirstTurtle_BP.uasset" 229
"../../../../../UnrealGames/Turtles/TurtlesTask2/Content/DestinationPoints/FirstDestinationPoint_BP.uasset" 230
"../../../../../UnrealGames/Turtles/TurtlesTask2/Content/DefaultPivots/Meshes/TemplateFloor.uasset" 231
"../../../Engine/Content/EngineSky/T_Sky_Stars.uasset" 232
"../../../Engine/Content/EngineSky/T_Sky_Clouds_M.uasset" 233
"../../../Engine/Content/EngineSky/T_Sky_Blue.uasset" 234
"../../../Engine/Content/EngineSky/M_Sky_Panning_Clouds2.uasset" 235
"../../../Engine/Content/EngineSky/SM_SkySphere.uasset" 236
"../../../Engine/Content/EngineSky/C_Sky_Zenith_Color.uasset" 237
"../../../Engine/Content/EngineSky/C_Sky_Horizon_Color.uasset" 238
"../../../Engine/Content/EngineSky/C_Sky_Cloud_Color.uasset" 239
"../../../Engine/Content/EngineSky/BP_Sky_Sphere.uasset" 240
"../../../../../UnrealGames/Turtles/TurtlesTask2/Content/SFX/electric.uasset" 241
"../../../../../UnrealGames/Turtles/TurtlesTask2/Content/Pits/3rdPit_BP.uasset" 242
"../../../../../UnrealGames/Turtles/TurtlesTask2/Content/Pits/1stPit_BP.uasset" 243
"../../../../../UnrealGames/Turtles/TurtlesTask2/Content/DestinationPoints/ThirdDestinationPoint_BP.uasset" 244
"../../../../../UnrealGames/Turtles/TurtlesTask2/Content/Turtles/ThirdTurtle_BP.uasset" 245
"../../../../../UnrealGames/Turtles/TurtlesTask2/Content/DestinationPoints/SecondDestinationPoint_BP.uasset" 246
"../../../../../UnrealGames/Turtles/TurtlesTask2/Content/Turtles/SecondTurtle_BP.uasset" 247
"../../../../../UnrealGames/Turtles/TurtlesTask2/Content/UI/SpawnTurtles_UI.uasset" 248
"../../../../../UnrealGames/Turtles/TurtlesTask2/Content/Materials/Ground_mat.uasset" 249
"../../../../../UnrealGames/Turtles/TurtlesTask2/Content/WorldSettings/Map/MainMap.umap" 250
"../../../Engine/Content/Maps/Entry_BuiltData.uasset" 251
"../../../Engine/Content/Maps/Entry.umap" 252
